<testsuites name="Mocha Tests">
  <testsuite name="test suite description" tests="9" errors="0" failures="0" skipped="0" timestamp="2020-03-17T21:13:17" time="0.038">
    <testcase classname="test suite description" name="test case description" time="0.005">
    </testcase>
    <testcase classname="test suite description" name="test case description" time="0.001">
    </testcase>
    <testcase classname="test suite description" name="test case description" time="0.001">
    </testcase>
    <testcase classname="test suite description" name="test case description" time="0">
    </testcase>
    <testcase classname="test suite description" name="test case description" time="0">
    </testcase>
    <testcase classname="test suite description" name="test case description" time="0">
    </testcase>
    <testcase classname="test suite description" name="test case description" time="0">
    </testcase>
    <testcase classname="test suite description" name="test case description" time="0">
    </testcase>
    <testcase classname="test suite description" name="test case description" time="0">
    </testcase>
  </testsuite>
</testsuites>